0 info it worked if it ends with ok
1 verbose cli [ '/usr/local/bin/node',
1 verbose cli   '/usr/local/bin/npm',
1 verbose cli   'install',
1 verbose cli   '-g',
1 verbose cli   'grunt-cli' ]
2 info using npm@2.14.12
3 info using node@v4.3.1
4 verbose install initial load of /usr/local/lib/package.json
5 verbose readDependencies loading dependencies from /usr/local/lib/package.json
6 silly cache add args [ 'grunt-cli', null ]
7 verbose cache add spec grunt-cli
8 silly cache add parsed spec Result {
8 silly cache add   raw: 'grunt-cli',
8 silly cache add   scope: null,
8 silly cache add   name: 'grunt-cli',
8 silly cache add   rawSpec: '',
8 silly cache add   spec: 'latest',
8 silly cache add   type: 'tag' }
9 silly addNamed grunt-cli@latest
10 verbose addNamed "latest" is being treated as a dist-tag for grunt-cli
11 info addNameTag [ 'grunt-cli', 'latest' ]
12 silly mapToRegistry name grunt-cli
13 silly mapToRegistry using default registry
14 silly mapToRegistry registry https://registry.npmjs.org/
15 silly mapToRegistry uri https://registry.npmjs.org/grunt-cli
16 verbose addNameTag registry:https://registry.npmjs.org/grunt-cli not in flight; fetching
17 verbose request uri https://registry.npmjs.org/grunt-cli
18 verbose request no auth needed
19 info attempt registry request try #1 at 7:44:31 AM
20 verbose request id 9ef584a83c818c5f
21 verbose etag "7QQRU7RVBSHDANOC91LTCQ6OJ"
22 http request GET https://registry.npmjs.org/grunt-cli
23 http 304 https://registry.npmjs.org/grunt-cli
24 verbose headers { date: 'Sun, 28 Feb 2016 12:44:31 GMT',
24 verbose headers   via: '1.1 varnish',
24 verbose headers   'cache-control': 'max-age=300',
24 verbose headers   etag: '"7QQRU7RVBSHDANOC91LTCQ6OJ"',
24 verbose headers   age: '261',
24 verbose headers   connection: 'keep-alive',
24 verbose headers   'x-served-by': 'cache-iad2126-IAD',
24 verbose headers   'x-cache': 'HIT',
24 verbose headers   'x-cache-hits': '2',
24 verbose headers   'x-timer': 'S1456663471.561949,VS0,VE0',
24 verbose headers   vary: 'Accept' }
25 silly get cb [ 304,
25 silly get   { date: 'Sun, 28 Feb 2016 12:44:31 GMT',
25 silly get     via: '1.1 varnish',
25 silly get     'cache-control': 'max-age=300',
25 silly get     etag: '"7QQRU7RVBSHDANOC91LTCQ6OJ"',
25 silly get     age: '261',
25 silly get     connection: 'keep-alive',
25 silly get     'x-served-by': 'cache-iad2126-IAD',
25 silly get     'x-cache': 'HIT',
25 silly get     'x-cache-hits': '2',
25 silly get     'x-timer': 'S1456663471.561949,VS0,VE0',
25 silly get     vary: 'Accept' } ]
26 verbose etag https://registry.npmjs.org/grunt-cli from cache
27 verbose get saving grunt-cli to /Users/Yazeed/.npm/registry.npmjs.org/grunt-cli/.cache.json
28 silly addNameTag next cb for grunt-cli with tag latest
29 silly addNamed grunt-cli@0.1.13
30 verbose addNamed "0.1.13" is a plain semver version for grunt-cli
31 silly cache afterAdd grunt-cli@0.1.13
32 verbose afterAdd /Users/Yazeed/.npm/grunt-cli/0.1.13/package/package.json not in flight; writing
33 verbose afterAdd /Users/Yazeed/.npm/grunt-cli/0.1.13/package/package.json written
34 silly install resolved [ { name: 'grunt-cli',
34 silly install resolved     description: 'The grunt command line interface.',
34 silly install resolved     version: '0.1.13',
34 silly install resolved     author: { name: 'Grunt Team' },
34 silly install resolved     homepage: 'http://gruntjs.com/',
34 silly install resolved     repository: { type: 'git', url: 'git://github.com/gruntjs/grunt-cli.git' },
34 silly install resolved     bugs: { url: 'http://github.com/gruntjs/grunt-cli/issues' },
34 silly install resolved     licenses: [ [Object] ],
34 silly install resolved     bin: { grunt: 'bin/grunt' },
34 silly install resolved     engines: { node: '>= 0.8.0' },
34 silly install resolved     scripts: { test: 'node bin/grunt test' },
34 silly install resolved     preferGlobal: true,
34 silly install resolved     dependencies: { nopt: '~1.0.10', 'findup-sync': '~0.1.0', resolve: '~0.3.1' },
34 silly install resolved     devDependencies: { grunt: '~0.4.0', 'grunt-contrib-jshint': '~0.2.0' },
34 silly install resolved     contributors: [ [Object], [Object], [Object], [Object] ],
34 silly install resolved     _id: 'grunt-cli@0.1.13',
34 silly install resolved     dist:
34 silly install resolved      { shasum: 'e9ebc4047631f5012d922770c39378133cad10f4',
34 silly install resolved        tarball: 'http://registry.npmjs.org/grunt-cli/-/grunt-cli-0.1.13.tgz' },
34 silly install resolved     _from: 'grunt-cli@latest',
34 silly install resolved     _npmVersion: '1.3.24',
34 silly install resolved     _npmUser: { name: 'tkellen', email: 'tyler@sleekcode.net' },
34 silly install resolved     maintainers: [ [Object] ],
34 silly install resolved     directories: {},
34 silly install resolved     _shasum: 'e9ebc4047631f5012d922770c39378133cad10f4',
34 silly install resolved     _resolved: 'https://registry.npmjs.org/grunt-cli/-/grunt-cli-0.1.13.tgz',
34 silly install resolved     readme: 'ERROR: No README data found!' } ]
35 info install grunt-cli@0.1.13 into /usr/local/lib
36 info installOne grunt-cli@0.1.13
37 verbose installOne of grunt-cli to /usr/local/lib not in flight; installing
38 verbose lock using /Users/Yazeed/.npm/_locks/grunt-cli-58f484dab06f0a30.lock for /usr/local/lib/node_modules/grunt-cli
39 silly install write writing grunt-cli 0.1.13 to /usr/local/lib/node_modules/grunt-cli
40 verbose unbuild lib/node_modules/grunt-cli
41 silly gentlyRm /usr/local/lib/node_modules/grunt-cli is being purged from base /usr/local
42 verbose gentlyRm don't care about contents; nuking /usr/local/lib/node_modules/grunt-cli
43 verbose tar unpack /Users/Yazeed/.npm/grunt-cli/0.1.13/package.tgz
44 verbose tar unpacking to /usr/local/lib/node_modules/grunt-cli
45 silly gentlyRm /usr/local/lib/node_modules/grunt-cli is being purged
46 verbose gentlyRm don't care about contents; nuking /usr/local/lib/node_modules/grunt-cli
47 silly gunzTarPerm modes [ '755', '644' ]
48 error tar.unpack untar error /Users/Yazeed/.npm/grunt-cli/0.1.13/package.tgz
49 verbose unlock done using /Users/Yazeed/.npm/_locks/grunt-cli-58f484dab06f0a30.lock for /usr/local/lib/node_modules/grunt-cli
50 verbose fstream_path /usr/local/lib/node_modules/grunt-cli
51 verbose fstream_type Directory
52 verbose fstream_class DirWriter
53 verbose stack Error: EACCES: permission denied, mkdir '/usr/local/lib/node_modules/grunt-cli'
53 verbose stack     at Error (native)
54 verbose fstream_stack /usr/local/lib/node_modules/npm/node_modules/fstream/lib/dir-writer.js:35:25
54 verbose fstream_stack /usr/local/lib/node_modules/npm/node_modules/mkdirp/index.js:47:53
54 verbose fstream_stack FSReqWrap.oncomplete (fs.js:82:15)
55 verbose cwd /Users/Yazeed/Dropbox (Personal)/Documents/GitHub/yalaudah.github.io
56 error Darwin 15.3.0
57 error argv "/usr/local/bin/node" "/usr/local/bin/npm" "install" "-g" "grunt-cli"
58 error node v4.3.1
59 error npm  v2.14.12
60 error path /usr/local/lib/node_modules/grunt-cli
61 error code EACCES
62 error errno -13
63 error syscall mkdir
64 error Error: EACCES: permission denied, mkdir '/usr/local/lib/node_modules/grunt-cli'
64 error     at Error (native)
64 error  { [Error: EACCES: permission denied, mkdir '/usr/local/lib/node_modules/grunt-cli']
64 error   errno: -13,
64 error   code: 'EACCES',
64 error   syscall: 'mkdir',
64 error   path: '/usr/local/lib/node_modules/grunt-cli',
64 error   fstream_type: 'Directory',
64 error   fstream_path: '/usr/local/lib/node_modules/grunt-cli',
64 error   fstream_class: 'DirWriter',
64 error   fstream_stack:
64 error    [ '/usr/local/lib/node_modules/npm/node_modules/fstream/lib/dir-writer.js:35:25',
64 error      '/usr/local/lib/node_modules/npm/node_modules/mkdirp/index.js:47:53',
64 error      'FSReqWrap.oncomplete (fs.js:82:15)' ] }
65 error Please try running this command again as root/Administrator.
66 verbose exit [ -13, true ]
67 verbose unbuild lib/node_modules/grunt-cli
68 silly gentlyRm /usr/local/lib/node_modules/grunt-cli is being purged from base /usr/local
69 verbose gentlyRm don't care about contents; nuking /usr/local/lib/node_modules/grunt-cli
